2025-05-20 14:19:52
Status: 200
Response Time: 609 ms
---
2025-05-20 14:45:23
Status: 200
Response Time: 500 ms
---
2025-05-20 15:22:18
Status: 200
Response Time: 577 ms
---
2025-05-20 15:43:32
Status: 200
Response Time: 513 ms
---
2025-05-20 15:54:47
Status: 200
Response Time: 431 ms
---
2025-05-20 16:26:03
Status: 200
Response Time: 492 ms
---
2025-05-20 16:48:58
Status: 200
Response Time: 552 ms
---
2025-05-20 17:17:28
Status: 200
Response Time: 421 ms
---
2025-05-20 17:27:32
Status: 200
Response Time: 594 ms
---
2025-05-20 17:41:17
Status: 200
Response Time: 621 ms
---
2025-05-21 01:13:23
Status: 200
Response Time: 557 ms
---
2025-05-21 12:30:33
Status: 200
Response Time: 476 ms
---
2025-05-22 01:12:47
Status: 200
Response Time: 624 ms
---
2025-05-22 12:31:14
Status: 200
Response Time: 502 ms
---
2025-05-23 01:12:46
Status: 200
Response Time: 545 ms
---
2025-05-23 12:29:40
Status: 200
Response Time: 593 ms
---
2025-05-24 01:10:04
Status: 200
Response Time: 474 ms
---
2025-05-24 12:27:00
Status: 200
Response Time: 499 ms
---
2025-05-25 01:19:21
Status: 200
Response Time: 473 ms
---
2025-05-25 12:27:24
Status: 200
Response Time: 550 ms
---
2025-05-26 01:14:47
Status: 200
Response Time: 553 ms
---
2025-05-26 12:29:44
Status: 200
Response Time: 544 ms
---
2025-05-27 01:12:28
Status: 200
Response Time: 254 ms
---
2025-05-27 12:31:33
Status: 200
Response Time: 605 ms
---
2025-05-28 01:13:40
Status: 200
Response Time: 597 ms
---
2025-05-28 12:31:20
Status: 200
Response Time: 261 ms
---
2025-05-29 01:13:30
Status: 200
Response Time: 507 ms
---
2025-05-29 12:30:16
Status: 200
Response Time: 610 ms
---
2025-05-30 01:11:27
Status: 200
Response Time: 518 ms
---
2025-05-30 12:30:22
Status: 200
Response Time: 487 ms
---
2025-05-31 01:11:35
Status: 200
Response Time: 615 ms
---
2025-05-31 12:27:42
Status: 200
Response Time: 589 ms
---
2025-06-01 01:26:38
Status: 200
Response Time: 457 ms
---
2025-06-01 12:28:10
Status: 200
Response Time: 487 ms
---
2025-06-02 01:16:31
Status: 200
Response Time: 263 ms
---
2025-06-02 12:31:27
Status: 200
Response Time: 510 ms
---
2025-06-03 01:14:44
Status: 200
Response Time: 537 ms
---
2025-06-03 12:31:37
Status: 200
Response Time: 487 ms
---
2025-06-04 01:14:28
Status: 200
Response Time: 472 ms
---
2025-06-04 12:31:33
Status: 200
Response Time: 597 ms
---
2025-06-05 01:13:38
Status: 200
Response Time: 481 ms
---
2025-06-05 12:31:29
Status: 200
Response Time: 462 ms
---
2025-06-06 01:13:37
Status: 200
Response Time: 244 ms
---
2025-06-06 12:30:15
Status: 200
Response Time: 486 ms
---
2025-06-07 01:13:00
Status: 200
Response Time: 486 ms
---
2025-06-07 12:27:43
Status: 200
Response Time: 499 ms
---
2025-06-08 01:20:41
Status: 200
Response Time: 591 ms
---
2025-06-08 12:27:38
Status: 200
Response Time: 581 ms
---
2025-06-09 01:17:59
Status: 200
Response Time: 550 ms
---
2025-06-09 12:31:34
Status: 200
Response Time: 219 ms
---
2025-06-10 01:15:20
Status: 200
Response Time: 483 ms
---
2025-06-10 12:31:54
Status: 200
Response Time: 221 ms
---
2025-06-11 01:15:03
Status: 200
Response Time: 554 ms
---
2025-06-11 12:31:45
Status: 200
Response Time: 535 ms
---
2025-06-12 01:13:59
Status: UNKNOWN
Response Time: 0 ms
---
2025-06-12 12:30:43
Status: 200
Response Time: 530 ms
---
2025-06-13 01:14:55
Status: 200
Response Time: 734 ms
---
2025-06-13 12:30:59
Status: 200
Response Time: 830 ms
---
2025-06-14 01:12:16
Status: UNKNOWN
Response Time: 0 ms
---
2025-06-14 12:27:47
Status: UNKNOWN
Response Time: 0 ms
---
2025-06-15 01:22:18
Status: 200
Response Time: 720 ms
---
2025-06-15 12:28:18
Status: UNKNOWN
Response Time: 0 ms
---
2025-06-16 01:17:09
Status: 200
Response Time: 637 ms
---
2025-06-16 12:32:16
Status: 200
Response Time: 760 ms
---
2025-06-17 01:15:10
Status: UNKNOWN
Response Time: 0 ms
---
2025-06-17 12:32:17
Status: UNKNOWN
Response Time: 0 ms
---
2025-06-18 01:14:37
Status: 200
Response Time: 908 ms
---
2025-06-18 12:32:11
Status: 200
Response Time: 1594 ms
---
2025-06-19 01:15:01
Status: 200
Response Time: 489 ms
---
2025-06-19 12:31:43
Status: 200
Response Time: 548 ms
---
2025-06-20 01:14:25
Status: 200
Response Time: 533 ms
---
2025-06-20 12:31:29
Status: 200
Response Time: 494 ms
---
2025-06-21 01:13:29
Status: 200
Response Time: 994 ms
---
2025-06-21 12:27:43
Status: 200
Response Time: 512 ms
---
2025-06-22 01:21:35
Status: 200
Response Time: 684 ms
---
2025-06-22 12:27:52
Status: 200
Response Time: 496 ms
---
2025-06-23 01:19:24
Status: 200
Response Time: 504 ms
---
2025-06-23 12:32:55
Status: 200
Response Time: 285 ms
---
2025-06-24 01:15:15
Status: 200
Response Time: 516 ms
---
2025-06-24 12:31:58
Status: 200
Response Time: 189 ms
---
2025-06-25 01:15:48
Status: 200
Response Time: 519 ms
---
2025-06-25 12:32:08
Status: 200
Response Time: 851 ms
---
2025-06-26 01:14:45
Status: 200
Response Time: 527 ms
---
2025-06-26 12:31:50
Status: 200
Response Time: 303 ms
---
2025-06-27 01:15:40
Status: 200
Response Time: 141 ms
---
2025-06-27 12:30:55
Status: 200
Response Time: 263 ms
---
2025-06-28 01:13:03
Status: 200
Response Time: 493 ms
---
2025-06-28 12:28:11
Status: 200
Response Time: 546 ms
---
2025-06-29 01:23:14
Status: 200
Response Time: 562 ms
---
2025-06-29 12:28:31
Status: 200
Response Time: 200 ms
---
2025-06-30 01:19:46
Status: 200
Response Time: 464 ms
---
2025-06-30 12:31:56
Status: 200
Response Time: 487 ms
---
2025-07-01 01:23:20
Status: 200
Response Time: 474 ms
---
2025-07-01 12:32:10
Status: 200
Response Time: 544 ms
---
2025-07-02 01:15:29
Status: 200
Response Time: 520 ms
---
2025-07-02 12:31:29
Status: 200
Response Time: 507 ms
---
2025-07-03 01:15:31
Status: 200
Response Time: 514 ms
---
2025-07-03 12:32:16
Status: 200
Response Time: 589 ms
---
2025-07-04 01:15:06
Status: 200
Response Time: 596 ms
---
2025-07-04 12:31:09
Status: 200
Response Time: 499 ms
---
2025-07-05 01:12:36
Status: 200
Response Time: 655 ms
---
2025-07-05 12:28:21
Status: 200
Response Time: 521 ms
---
2025-07-06 01:22:05
Status: 200
Response Time: 502 ms
---
2025-07-06 12:28:37
Status: 200
Response Time: 501 ms
---
2025-07-07 01:19:53
Status: 200
Response Time: 527 ms
---
2025-07-07 12:31:58
Status: 200
Response Time: 477 ms
---
2025-07-08 01:15:55
Status: 200
Response Time: 516 ms
---
2025-07-08 12:32:40
Status: 200
Response Time: 573 ms
---
2025-07-09 01:16:51
Status: 200
Response Time: 613 ms
---
2025-07-09 12:32:24
Status: 200
Response Time: 511 ms
---
2025-07-10 01:16:49
Status: 200
Response Time: 263 ms
---
2025-07-10 12:33:03
Status: 200
Response Time: 537 ms
---
2025-07-11 01:17:42
Status: 200
Response Time: 521 ms
---
2025-07-11 12:31:26
Status: 200
Response Time: 584 ms
---
2025-07-12 01:19:01
Status: 200
Response Time: 228 ms
---
2025-07-12 12:28:51
Status: 200
Response Time: 492 ms
---
2025-07-13 01:24:33
Status: 200
Response Time: 260 ms
---
2025-07-13 12:29:32
Status: 200
Response Time: 537 ms
---
2025-07-14 01:21:00
Status: 200
Response Time: 517 ms
---
2025-07-14 12:33:40
Status: 200
Response Time: 606 ms
---
2025-07-15 01:21:16
Status: 200
Response Time: 250 ms
---
2025-07-15 12:33:47
Status: 200
Response Time: 597 ms
---
2025-07-16 01:18:48
Status: 200
Response Time: 126 ms
---
2025-07-16 12:34:25
Status: 200
Response Time: 230 ms
---
2025-07-17 01:19:39
Status: 200
Response Time: 202 ms
---
2025-07-17 12:33:14
Status: 200
Response Time: 187 ms
---
2025-07-18 01:18:56
Status: 200
Response Time: 563 ms
---
2025-07-18 12:33:14
Status: 200
Response Time: 482 ms
---
2025-07-19 01:16:50
Status: 200
Response Time: 485 ms
---
2025-07-19 12:29:57
Status: 200
Response Time: 606 ms
---
2025-07-20 01:26:13
Status: 200
Response Time: 460 ms
---
2025-07-20 12:30:24
Status: 200
Response Time: 653 ms
---
2025-07-21 01:23:35
Status: 200
Response Time: 136 ms
---
2025-07-21 12:34:42
Status: 200
Response Time: 571 ms
---
2025-07-22 01:19:22
Status: 200
Response Time: 464 ms
---
2025-07-22 12:34:04
Status: 200
Response Time: 503 ms
---
2025-07-23 01:20:31
Status: 200
Response Time: 461 ms
---
2025-07-23 12:34:34
Status: 200
Response Time: 533 ms
---
2025-07-24 01:19:39
Status: 200
Response Time: 506 ms
---
2025-07-24 12:34:32
Status: 200
Response Time: 476 ms
---
2025-07-25 01:19:18
Status: 200
Response Time: 266 ms
---
2025-07-25 12:33:21
Status: 200
Response Time: 473 ms
---
2025-07-26 01:17:39
Status: 200
Response Time: 381 ms
---
2025-07-26 12:30:25
Status: 200
Response Time: 265 ms
---
2025-07-27 01:26:41
Status: 200
Response Time: 589 ms
---
2025-07-27 12:31:20
Status: 200
Response Time: 262 ms
---
2025-07-28 01:24:47
Status: 200
Response Time: 542 ms
---
2025-07-28 12:35:21
Status: 200
Response Time: 255 ms
---
2025-07-29 01:28:40
Status: 200
Response Time: 487 ms
---
2025-07-29 12:35:33
Status: 200
Response Time: 265 ms
---
2025-07-30 01:21:17
Status: 200
Response Time: 199 ms
---
2025-07-30 12:35:07
Status: 200
Response Time: 465 ms
---
2025-07-31 01:20:43
Status: 200
Response Time: 523 ms
---
2025-07-31 12:33:00
Status: 200
Response Time: 466 ms
---
2025-08-01 01:28:38
Status: 200
Response Time: 453 ms
---
2025-08-01 12:34:09
Status: 200
Response Time: 198 ms
---
2025-08-02 01:17:28
Status: 200
Response Time: 266 ms
---
2025-08-02 12:30:52
Status: 200
Response Time: 620 ms
---
2025-08-03 01:27:46
Status: 200
Response Time: 472 ms
---
2025-08-03 12:32:04
Status: 200
Response Time: 273 ms
---
2025-08-04 01:26:42
Status: UNKNOWN
Response Time: 0 ms
---
2025-08-04 12:36:06
Status: UNKNOWN
Response Time: 0 ms
---
2025-08-05 01:22:56
Status: 200
Response Time: 508 ms
---
2025-08-05 12:36:04
Status: 200
Response Time: 468 ms
---
2025-08-06 01:21:18
Status: 200
Response Time: 576 ms
---
2025-08-06 12:35:44
Status: 200
Response Time: 439 ms
---
2025-08-07 01:21:52
Status: 200
Response Time: 528 ms
---
2025-08-07 12:35:44
Status: 200
Response Time: 268 ms
---
2025-08-08 01:21:21
Status: 200
Response Time: 505 ms
---
2025-08-08 12:34:38
Status: 200
Response Time: 456 ms
---
2025-08-09 01:15:04
Status: 200
Response Time: 691 ms
---
2025-08-09 12:30:16
Status: 200
Response Time: 473 ms
---
2025-08-10 01:25:28
Status: 200
Response Time: 692 ms
---
2025-08-10 12:30:35
Status: 200
Response Time: 516 ms
---
2025-08-11 01:22:10
Status: 200
Response Time: 462 ms
---
2025-08-11 12:34:57
Status: 200
Response Time: 673 ms
---
2025-08-12 01:14:19
Status: 200
Response Time: 579 ms
---
2025-08-12 12:32:41
Status: 200
Response Time: 259 ms
---
2025-08-13 01:15:49
Status: 200
Response Time: 88 ms
---
2025-08-13 12:33:13
Status: 200
Response Time: 550 ms
---
2025-08-14 01:16:08
Status: 200
Response Time: 470 ms
---
2025-08-14 12:33:53
Status: 200
Response Time: 487 ms
---
2025-08-15 01:16:36
Status: 200
Response Time: 528 ms
---
2025-08-15 12:31:04
Status: 200
Response Time: 491 ms
---
2025-08-16 01:12:45
Status: 200
Response Time: 265 ms
---
2025-08-16 12:29:09
Status: 200
Response Time: 523 ms
---
2025-08-17 01:21:16
Status: 200
Response Time: 226 ms
---
2025-08-17 12:29:39
Status: 200
Response Time: 215 ms
---
2025-08-18 01:20:32
Status: 200
Response Time: 513 ms
---
2025-08-18 12:33:46
Status: 200
Response Time: 352 ms
---
2025-08-19 01:12:56
Status: 200
Response Time: 575 ms
---
2025-08-19 12:30:57
Status: 200
Response Time: 540 ms
---
2025-08-20 01:10:47
Status: 200
Response Time: 524 ms
---
2025-08-20 12:30:59
Status: 200
Response Time: 471 ms
---
2025-08-21 01:10:05
Status: 200
Response Time: 206 ms
---
2025-08-21 12:30:50
Status: 200
Response Time: 499 ms
---
2025-08-22 01:10:52
Status: 200
Response Time: 595 ms
---
2025-08-22 12:29:35
Status: 200
Response Time: 477 ms
---
2025-08-23 01:08:24
Status: 200
Response Time: 486 ms
---
2025-08-23 12:27:34
Status: 200
Response Time: 622 ms
---
2025-08-24 01:18:48
Status: 200
Response Time: 569 ms
---
2025-08-24 12:27:53
Status: 200
Response Time: 487 ms
---
2025-08-25 01:13:44
Status: 200
Response Time: 122 ms
---
2025-08-25 12:31:26
Status: 200
Response Time: 534 ms
---
2025-08-26 01:11:52
Status: 200
Response Time: 216 ms
---
2025-08-26 12:33:04
Status: 200
Response Time: 158 ms
---
2025-08-27 01:09:23
Status: 200
Response Time: 464 ms
---
2025-08-27 12:30:43
Status: 200
Response Time: 521 ms
---
2025-08-28 01:08:46
Status: 200
Response Time: 528 ms
---
2025-08-28 12:30:05
Status: 200
Response Time: 275 ms
---
2025-08-29 01:08:56
Status: 200
Response Time: 213 ms
---
2025-08-29 12:29:34
Status: 200
Response Time: 505 ms
---
2025-08-30 01:05:41
Status: 200
Response Time: 198 ms
---
2025-08-30 12:26:50
Status: 200
Response Time: 212 ms
---
2025-08-31 01:13:27
Status: 200
Response Time: 128 ms
---
2025-08-31 12:27:13
Status: 200
Response Time: 338 ms
---
2025-09-01 01:20:17
Status: 200
Response Time: 567 ms
---
2025-09-01 12:31:06
Status: 200
Response Time: 266 ms
---
2025-09-02 01:10:01
Status: 200
Response Time: 560 ms
---
2025-09-02 12:31:06
Status: 200
Response Time: 754 ms
---
2025-09-03 01:05:43
Status: 200
Response Time: 116 ms
---
2025-09-03 12:29:27
Status: UNKNOWN
Response Time: 0 ms
---
2025-09-04 01:05:28
Status: 200
Response Time: 364 ms
---
2025-09-04 12:29:19
Status: 200
Response Time: 561 ms
---
2025-09-05 01:07:13
Status: 200
Response Time: 495 ms
---
2025-09-05 12:28:45
Status: 200
Response Time: 742 ms
---
2025-09-06 01:05:28
Status: 200
Response Time: 478 ms
---
2025-09-06 12:25:30
Status: 200
Response Time: 494 ms
---
2025-09-07 01:12:38
Status: 200
Response Time: 690 ms
---
2025-09-07 12:26:07
Status: 200
Response Time: 350 ms
---
2025-09-08 01:11:14
Status: 200
Response Time: 553 ms
---
2025-09-08 12:31:35
Status: 200
Response Time: 449 ms
---
2025-09-09 01:08:23
Status: 200
Response Time: 861 ms
---
2025-09-09 12:31:56
Status: 200
Response Time: 833 ms
---
2025-09-10 01:06:27
Status: 200
Response Time: 620 ms
---
2025-09-10 12:28:58
Status: 200
Response Time: 829 ms
---
2025-09-11 01:08:04
Status: 200
Response Time: 756 ms
---
2025-09-11 12:28:31
Status: 200
Response Time: 752 ms
---
2025-09-12 01:05:15
Status: 200
Response Time: 661 ms
---
2025-09-12 12:28:27
Status: 200
Response Time: 706 ms
---
2025-09-13 01:02:33
Status: 200
Response Time: 716 ms
---
2025-09-13 12:25:54
Status: 200
Response Time: 652 ms
---
2025-09-14 01:12:04
Status: 200
Response Time: 577 ms
---
2025-09-14 12:25:34
Status: 200
Response Time: 693 ms
---
2025-09-15 01:12:12
Status: 200
Response Time: 800 ms
---
2025-09-15 12:30:14
Status: 200
Response Time: 499 ms
---
2025-09-16 01:06:18
Status: 200
Response Time: 413 ms
---
2025-09-16 12:30:03
Status: 200
Response Time: 949 ms
---
2025-09-17 01:06:04
Status: 200
Response Time: 859 ms
---
2025-09-17 12:30:18
Status: 200
Response Time: 883 ms
---
2025-09-18 01:06:00
Status: 200
Response Time: 511 ms
---
2025-09-18 12:29:29
Status: 200
Response Time: 451 ms
---
2025-09-19 01:08:18
Status: 200
Response Time: 651 ms
---
2025-09-19 12:30:13
Status: 200
Response Time: 779 ms
---
2025-09-20 01:04:50
Status: 200
Response Time: 790 ms
---
2025-09-20 12:27:18
Status: 200
Response Time: 763 ms
---
2025-09-21 01:13:39
Status: 200
Response Time: 843 ms
---
2025-09-21 12:26:37
Status: 200
Response Time: 834 ms
---
2025-09-22 01:13:06
Status: 200
Response Time: 755 ms
---
2025-09-22 12:30:50
Status: 200
Response Time: 852 ms
---
2025-09-23 01:06:18
Status: 200
Response Time: 698 ms
---
2025-09-23 12:29:33
Status: 200
Response Time: 767 ms
---
2025-09-24 01:07:36
Status: 200
Response Time: 510 ms
---
2025-09-24 12:30:54
Status: 200
Response Time: 870 ms
---
2025-09-25 01:08:01
Status: 200
Response Time: 811 ms
---
2025-09-25 12:31:03
Status: 200
Response Time: 892 ms
---
2025-09-26 01:07:42
Status: 200
Response Time: 475 ms
---
2025-09-26 12:30:04
Status: 200
Response Time: 1067 ms
---
2025-09-27 01:04:44
Status: 200
Response Time: 511 ms
---
2025-09-27 12:26:21
Status: 200
Response Time: 812 ms
---
2025-09-28 01:14:21
Status: 200
Response Time: 764 ms
---
2025-09-28 12:26:47
Status: 200
Response Time: 786 ms
---
2025-09-29 01:09:44
Status: 200
Response Time: 731 ms
---
2025-09-29 12:31:18
Status: 200
Response Time: 566 ms
---
2025-09-30 01:08:49
Status: 200
Response Time: 630 ms
---
2025-09-30 12:31:36
Status: 200
Response Time: 840 ms
---
2025-10-01 01:15:50
Status: 200
Response Time: 671 ms
---
2025-10-01 12:32:17
Status: 200
Response Time: 814 ms
---
2025-10-02 01:06:08
Status: 200
Response Time: 869 ms
---
2025-10-02 12:28:58
Status: 200
Response Time: 776 ms
---
2025-10-03 01:06:11
Status: 200
Response Time: 590 ms
---
2025-10-03 12:29:17
Status: 200
Response Time: 801 ms
---
2025-10-04 01:03:36
Status: 200
Response Time: 574 ms
---
2025-10-04 12:26:14
Status: 200
Response Time: 692 ms
---
2025-10-05 01:13:53
Status: 200
Response Time: 768 ms
---
2025-10-05 12:26:38
Status: 200
Response Time: 718 ms
---
2025-10-06 01:08:38
Status: 200
Response Time: 680 ms
---
2025-10-06 12:30:48
Status: 200
Response Time: 707 ms
---
2025-10-07 01:07:06
Status: 200
Response Time: 882 ms
---
2025-10-07 12:31:02
Status: 200
Response Time: 686 ms
---
2025-10-08 01:06:48
Status: 200
Response Time: 706 ms
---
2025-10-08 12:31:26
Status: 200
Response Time: 779 ms
---
2025-10-09 01:07:51
Status: 200
Response Time: 687 ms
---
2025-10-09 12:30:33
Status: 200
Response Time: 715 ms
---
2025-10-10 01:07:44
Status: 200
Response Time: 745 ms
---
2025-10-10 12:30:52
Status: 200
Response Time: 618 ms
---
2025-10-11 01:04:59
Status: 200
Response Time: 811 ms
---
2025-10-11 12:26:18
Status: 200
Response Time: 843 ms
---
2025-10-12 01:11:08
Status: 200
Response Time: 490 ms
---
2025-10-12 12:26:41
Status: 200
Response Time: 839 ms
---
2025-10-13 01:12:39
Status: 200
Response Time: 854 ms
---
2025-10-13 12:31:09
Status: 200
Response Time: 936 ms
---
2025-10-14 01:07:51
Status: 200
Response Time: 846 ms
---
2025-10-14 12:32:37
Status: 200
Response Time: 453 ms
---
2025-10-15 01:09:52
Status: 200
Response Time: 478 ms
---
2025-10-15 12:32:18
Status: 200
Response Time: 711 ms
---
2025-10-16 01:09:21
Status: 200
Response Time: 642 ms
---
2025-10-16 12:32:25
Status: 200
Response Time: 679 ms
---
2025-10-17 01:08:45
Status: 200
Response Time: 735 ms
---
2025-10-17 12:30:38
Status: 200
Response Time: 760 ms
---
2025-10-18 01:05:29
Status: 200
Response Time: 878 ms
---
2025-10-18 12:27:24
Status: 200
Response Time: 852 ms
---
2025-10-19 01:17:02
Status: 200
Response Time: 819 ms
---
2025-10-19 12:27:19
Status: 200
Response Time: 957 ms
---
2025-10-20 01:14:15
Status: 200
Response Time: 843 ms
---
2025-10-20 12:32:15
Status: 200
Response Time: 857 ms
---
2025-10-21 01:11:20
Status: 200
Response Time: 407 ms
---
2025-10-21 12:32:19
Status: 200
Response Time: 550 ms
---
2025-10-22 01:12:11
Status: 200
Response Time: 762 ms
---
2025-10-22 12:32:26
Status: 200
Response Time: 781 ms
---
2025-10-23 01:10:21
Status: 200
Response Time: 550 ms
---
2025-10-23 12:32:15
Status: 200
Response Time: 615 ms
---
2025-10-24 01:06:45
Status: 200
Response Time: 750 ms
---
2025-10-24 12:32:35
Status: 200
Response Time: 809 ms
---
2025-10-25 01:08:04
Status: 200
Response Time: 873 ms
---
2025-10-25 12:27:27
Status: 200
Response Time: 491 ms
---
2025-10-26 01:15:10
Status: 200
Response Time: 1083 ms
---
2025-10-26 12:27:54
Status: 200
Response Time: 595 ms
---
2025-10-27 01:16:21
Status: 200
Response Time: 576 ms
---
2025-10-27 12:32:53
Status: 200
Response Time: 727 ms
---
2025-10-28 01:09:04
Status: 200
Response Time: 795 ms
---
2025-10-28 12:31:13
Status: 200
Response Time: 807 ms
---
2025-10-29 01:14:16
Status: 200
Response Time: 534 ms
---
2025-10-29 12:32:48
Status: 200
Response Time: 953 ms
---
2025-10-30 01:13:52
Status: 200
Response Time: 500 ms
---
2025-10-30 12:31:42
Status: 200
Response Time: 830 ms
---
2025-10-31 01:11:30
Status: 200
Response Time: 733 ms
---
2025-10-31 12:31:52
Status: 200
Response Time: 811 ms
---
2025-11-01 01:15:23
Status: 200
Response Time: 804 ms
---
2025-11-01 12:27:24
Status: 200
Response Time: 662 ms
---
2025-11-02 01:16:20
Status: 200
Response Time: 672 ms
---
2025-11-02 12:26:59
Status: 200
Response Time: 806 ms
---
2025-11-03 01:14:57
Status: 200
Response Time: 638 ms
---
2025-11-03 12:32:59
Status: 200
Response Time: 510 ms
---
2025-11-04 01:12:02
Status: 200
Response Time: 521 ms
---
2025-11-04 12:34:32
Status: 200
Response Time: 976 ms
---
2025-11-05 01:13:16
Status: 200
Response Time: 805 ms
---
2025-11-05 12:32:18
Status: 200
Response Time: 680 ms
---
2025-11-06 01:13:11
Status: 200
Response Time: 776 ms
---
2025-11-06 12:31:53
Status: 200
Response Time: 946 ms
---
2025-11-07 01:12:07
Status: 200
Response Time: 799 ms
---
2025-11-07 12:30:49
Status: 200
Response Time: 883 ms
---
